<?xml version="1.0" encoding="UTF-8"?>
<coverage generated="1676596287059" clover="3.2.0">
  <project timestamp="1676596287060" name="All files">
    <metrics statements="141" coveredstatements="90" conditionals="41" coveredconditionals="24" methods="42" coveredmethods="28" elements="224" coveredelements="142" complexity="0" loc="141" ncloc="141" packages="13" files="19" classes="19"/>
    <package name="react-native-criando-testes-para-sua-aplicacao">
      <metrics statements="2" coveredstatements="0" conditionals="4" coveredconditionals="0" methods="1" coveredmethods="0"/>
      <file name="App.js" path="/Users/luararangel/Documents/Profissional/Cursos/Alura/react-native-criando-testes-para-sua-aplicacao/App.js">
        <metrics statements="2" coveredstatements="0" conditionals="4" coveredconditionals="0" methods="1" coveredmethods="0"/>
        <line num="8" count="0" type="stmt"/>
        <line num="21" count="0" type="stmt"/>
      </file>
    </package>
    <package name="react-native-criando-testes-para-sua-aplicacao.src.componentes">
      <metrics statements="5" coveredstatements="5" conditionals="5" coveredconditionals="2" methods="3" coveredmethods="3"/>
      <file name="Cartao.js" path="/Users/luararangel/Documents/Profissional/Cursos/Alura/react-native-criando-testes-para-sua-aplicacao/src/componentes/Cartao.js">
        <metrics statements="2" coveredstatements="2" conditionals="1" coveredconditionals="0" methods="1" coveredmethods="1"/>
        <line num="6" count="2" type="stmt"/>
        <line num="11" count="2" type="stmt"/>
      </file>
      <file name="Icone.js" path="/Users/luararangel/Documents/Profissional/Cursos/Alura/react-native-criando-testes-para-sua-aplicacao/src/componentes/Icone.js">
        <metrics statements="3" coveredstatements="3" conditionals="4" coveredconditionals="2" methods="2" coveredmethods="2"/>
        <line num="7" count="2" type="stmt"/>
        <line num="9" count="2" type="stmt"/>
        <line num="14" count="2" type="stmt"/>
      </file>
    </package>
    <package name="react-native-criando-testes-para-sua-aplicacao.src.hooks">
      <metrics statements="29" coveredstatements="7" conditionals="6" coveredconditionals="0" methods="7" coveredmethods="3"/>
      <file name="useLeilao.js" path="/Users/luararangel/Documents/Profissional/Cursos/Alura/react-native-criando-testes-para-sua-aplicacao/src/hooks/useLeilao.js">
        <metrics statements="22" coveredstatements="0" conditionals="6" coveredconditionals="0" methods="4" coveredmethods="0"/>
        <line num="9" count="0" type="stmt"/>
        <line num="11" count="0" type="stmt"/>
        <line num="12" count="0" type="stmt"/>
        <line num="13" count="0" type="stmt"/>
        <line num="14" count="0" type="stmt"/>
        <line num="17" count="0" type="stmt"/>
        <line num="18" count="0" type="stmt"/>
        <line num="19" count="0" type="cond" truecount="0" falsecount="2"/>
        <line num="20" count="0" type="stmt"/>
        <line num="23" count="0" type="stmt"/>
        <line num="24" count="0" type="stmt"/>
        <line num="25" count="0" type="cond" truecount="0" falsecount="2"/>
        <line num="26" count="0" type="stmt"/>
        <line num="29" count="0" type="stmt"/>
        <line num="34" count="0" type="stmt"/>
        <line num="35" count="0" type="cond" truecount="0" falsecount="2"/>
        <line num="36" count="0" type="stmt"/>
        <line num="37" count="0" type="stmt"/>
        <line num="40" count="0" type="stmt"/>
        <line num="43" count="0" type="stmt"/>
        <line num="44" count="0" type="stmt"/>
        <line num="47" count="0" type="stmt"/>
      </file>
      <file name="useListaLeiloes.js" path="/Users/luararangel/Documents/Profissional/Cursos/Alura/react-native-criando-testes-para-sua-aplicacao/src/hooks/useListaLeiloes.js">
        <metrics statements="7" coveredstatements="7" conditionals="0" coveredconditionals="0" methods="3" coveredmethods="3"/>
        <line num="5" count="3" type="stmt"/>
        <line num="7" count="3" type="stmt"/>
        <line num="8" count="2" type="stmt"/>
        <line num="9" count="2" type="stmt"/>
        <line num="12" count="3" type="stmt"/>
        <line num="13" count="1" type="stmt"/>
        <line num="16" count="3" type="stmt"/>
      </file>
    </package>
    <package name="react-native-criando-testes-para-sua-aplicacao.src.negocio.constantes">
      <metrics statements="6" coveredstatements="6" conditionals="0" coveredconditionals="0" methods="0" coveredmethods="0"/>
      <file name="estadosLance.js" path="/Users/luararangel/Documents/Profissional/Cursos/Alura/react-native-criando-testes-para-sua-aplicacao/src/negocio/constantes/estadosLance.js">
        <metrics statements="6" coveredstatements="6" conditionals="0" coveredconditionals="0" methods="0" coveredmethods="0"/>
        <line num="1" count="2" type="stmt"/>
        <line num="2" count="2" type="stmt"/>
        <line num="3" count="2" type="stmt"/>
        <line num="4" count="2" type="stmt"/>
        <line num="5" count="2" type="stmt"/>
        <line num="6" count="2" type="stmt"/>
      </file>
    </package>
    <package name="react-native-criando-testes-para-sua-aplicacao.src.negocio.formatadores">
      <metrics statements="6" coveredstatements="6" conditionals="2" coveredconditionals="2" methods="4" coveredmethods="4"/>
      <file name="lance.js" path="/Users/luararangel/Documents/Profissional/Cursos/Alura/react-native-criando-testes-para-sua-aplicacao/src/negocio/formatadores/lance.js">
        <metrics statements="3" coveredstatements="3" conditionals="2" coveredconditionals="2" methods="2" coveredmethods="2"/>
        <line num="2" count="1" type="stmt"/>
        <line num="3" count="3" type="cond" truecount="2" falsecount="0"/>
        <line num="6" count="1" type="stmt"/>
      </file>
      <file name="moeda.js" path="/Users/luararangel/Documents/Profissional/Cursos/Alura/react-native-criando-testes-para-sua-aplicacao/src/negocio/formatadores/moeda.js">
        <metrics statements="3" coveredstatements="3" conditionals="0" coveredconditionals="0" methods="2" coveredmethods="2"/>
        <line num="2" count="3" type="stmt"/>
        <line num="9" count="1" type="stmt"/>
        <line num="10" count="1" type="stmt"/>
      </file>
    </package>
    <package name="react-native-criando-testes-para-sua-aplicacao.src.negocio.validadores">
      <metrics statements="17" coveredstatements="17" conditionals="10" coveredconditionals="10" methods="5" coveredmethods="5"/>
      <file name="lance.js" path="/Users/luararangel/Documents/Profissional/Cursos/Alura/react-native-criando-testes-para-sua-aplicacao/src/negocio/validadores/lance.js">
        <metrics statements="17" coveredstatements="17" conditionals="10" coveredconditionals="10" methods="5" coveredmethods="5"/>
        <line num="9" count="2" type="cond" truecount="2" falsecount="0"/>
        <line num="10" count="1" type="stmt"/>
        <line num="13" count="1" type="stmt"/>
        <line num="17" count="3" type="stmt"/>
        <line num="18" count="3" type="stmt"/>
        <line num="20" count="3" type="cond" truecount="2" falsecount="0"/>
        <line num="21" count="1" type="stmt"/>
        <line num="24" count="2" type="cond" truecount="2" falsecount="0"/>
        <line num="25" count="1" type="stmt"/>
        <line num="28" count="1" type="stmt"/>
        <line num="32" count="3" type="cond" truecount="2" falsecount="0"/>
        <line num="33" count="2" type="stmt"/>
        <line num="36" count="1" type="stmt"/>
        <line num="40" count="6" type="stmt"/>
        <line num="41" count="3" type="cond" truecount="2" falsecount="0"/>
        <line num="42" count="1" type="stmt"/>
        <line num="45" count="2" type="stmt"/>
      </file>
    </package>
    <package name="react-native-criando-testes-para-sua-aplicacao.src.repositorio">
      <metrics statements="16" coveredstatements="16" conditionals="0" coveredconditionals="0" methods="4" coveredmethods="4"/>
      <file name="lance.js" path="/Users/luararangel/Documents/Profissional/Cursos/Alura/react-native-criando-testes-para-sua-aplicacao/src/repositorio/lance.js">
        <metrics statements="8" coveredstatements="8" conditionals="0" coveredconditionals="0" methods="2" coveredmethods="2"/>
        <line num="4" count="2" type="stmt"/>
        <line num="5" count="2" type="stmt"/>
        <line num="6" count="1" type="stmt"/>
        <line num="8" count="1" type="stmt"/>
        <line num="13" count="2" type="stmt"/>
        <line num="14" count="2" type="stmt"/>
        <line num="15" count="1" type="stmt"/>
        <line num="17" count="1" type="stmt"/>
      </file>
      <file name="leilao.js" path="/Users/luararangel/Documents/Profissional/Cursos/Alura/react-native-criando-testes-para-sua-aplicacao/src/repositorio/leilao.js">
        <metrics statements="8" coveredstatements="8" conditionals="0" coveredconditionals="0" methods="2" coveredmethods="2"/>
        <line num="4" count="2" type="stmt"/>
        <line num="5" count="2" type="stmt"/>
        <line num="6" count="1" type="stmt"/>
        <line num="8" count="1" type="stmt"/>
        <line num="13" count="2" type="stmt"/>
        <line num="14" count="2" type="stmt"/>
        <line num="15" count="1" type="stmt"/>
        <line num="17" count="1" type="stmt"/>
      </file>
    </package>
    <package name="react-native-criando-testes-para-sua-aplicacao.src.rotas">
      <metrics statements="2" coveredstatements="0" conditionals="0" coveredconditionals="0" methods="1" coveredmethods="0"/>
      <file name="AppRotas.js" path="/Users/luararangel/Documents/Profissional/Cursos/Alura/react-native-criando-testes-para-sua-aplicacao/src/rotas/AppRotas.js">
        <metrics statements="2" coveredstatements="0" conditionals="0" coveredconditionals="0" methods="1" coveredmethods="0"/>
        <line num="8" count="0" type="stmt"/>
        <line num="11" count="0" type="stmt"/>
      </file>
    </package>
    <package name="react-native-criando-testes-para-sua-aplicacao.src.servicos">
      <metrics statements="1" coveredstatements="1" conditionals="0" coveredconditionals="0" methods="0" coveredmethods="0"/>
      <file name="apiLeiloes.js" path="/Users/luararangel/Documents/Profissional/Cursos/Alura/react-native-criando-testes-para-sua-aplicacao/src/servicos/apiLeiloes.js">
        <metrics statements="1" coveredstatements="1" conditionals="0" coveredconditionals="0" methods="0" coveredmethods="0"/>
        <line num="4" count="3" type="stmt"/>
      </file>
    </package>
    <package name="react-native-criando-testes-para-sua-aplicacao.src.telas.Leilao">
      <metrics statements="20" coveredstatements="0" conditionals="4" coveredconditionals="0" methods="6" coveredmethods="0"/>
      <file name="index.js" path="/Users/luararangel/Documents/Profissional/Cursos/Alura/react-native-criando-testes-para-sua-aplicacao/src/telas/Leilao/index.js">
        <metrics statements="20" coveredstatements="0" conditionals="4" coveredconditionals="0" methods="6" coveredmethods="0"/>
        <line num="11" count="0" type="stmt"/>
        <line num="12" count="0" type="stmt"/>
        <line num="14" count="0" type="stmt"/>
        <line num="15" count="0" type="stmt"/>
        <line num="17" count="0" type="stmt"/>
        <line num="18" count="0" type="stmt"/>
        <line num="19" count="0" type="cond" truecount="0" falsecount="2"/>
        <line num="20" count="0" type="stmt"/>
        <line num="22" count="0" type="stmt"/>
        <line num="25" count="0" type="stmt"/>
        <line num="26" count="0" type="stmt"/>
        <line num="27" count="0" type="stmt"/>
        <line num="28" count="0" type="stmt"/>
        <line num="31" count="0" type="cond" truecount="0" falsecount="2"/>
        <line num="32" count="0" type="stmt"/>
        <line num="35" count="0" type="stmt"/>
        <line num="38" count="0" type="stmt"/>
        <line num="39" count="0" type="stmt"/>
        <line num="40" count="0" type="stmt"/>
        <line num="49" count="0" type="stmt"/>
      </file>
    </package>
    <package name="react-native-criando-testes-para-sua-aplicacao.src.telas.Leilao.componentes">
      <metrics statements="23" coveredstatements="18" conditionals="10" coveredconditionals="10" methods="5" coveredmethods="3"/>
      <file name="EnviaLance.js" path="/Users/luararangel/Documents/Profissional/Cursos/Alura/react-native-criando-testes-para-sua-aplicacao/src/telas/Leilao/componentes/EnviaLance.js">
        <metrics statements="18" coveredstatements="18" conditionals="10" coveredconditionals="10" methods="3" coveredmethods="3"/>
        <line num="15" count="11" type="stmt"/>
        <line num="16" count="11" type="stmt"/>
        <line num="17" count="11" type="stmt"/>
        <line num="18" count="11" type="stmt"/>
        <line num="20" count="11" type="stmt"/>
        <line num="22" count="11" type="stmt"/>
        <line num="23" count="2" type="stmt"/>
        <line num="24" count="2" type="stmt"/>
        <line num="25" count="2" type="stmt"/>
        <line num="27" count="2" type="stmt"/>
        <line num="29" count="2" type="cond" truecount="2" falsecount="0"/>
        <line num="30" count="1" type="stmt"/>
        <line num="31" count="1" type="stmt"/>
        <line num="33" count="1" type="stmt"/>
        <line num="36" count="2" type="stmt"/>
        <line num="40" count="11" type="stmt"/>
        <line num="65" count="1" type="stmt"/>
        <line num="66" count="11" type="stmt"/>
      </file>
      <file name="Lance.js" path="/Users/luararangel/Documents/Profissional/Cursos/Alura/react-native-criando-testes-para-sua-aplicacao/src/telas/Leilao/componentes/Lance.js">
        <metrics statements="2" coveredstatements="0" conditionals="0" coveredconditionals="0" methods="1" coveredmethods="0"/>
        <line num="10" count="0" type="stmt"/>
        <line num="20" count="0" type="stmt"/>
      </file>
      <file name="Topo.js" path="/Users/luararangel/Documents/Profissional/Cursos/Alura/react-native-criando-testes-para-sua-aplicacao/src/telas/Leilao/componentes/Topo.js">
        <metrics statements="3" coveredstatements="0" conditionals="0" coveredconditionals="0" methods="1" coveredmethods="0"/>
        <line num="10" count="0" type="stmt"/>
        <line num="12" count="0" type="stmt"/>
        <line num="32" count="0" type="stmt"/>
      </file>
    </package>
    <package name="react-native-criando-testes-para-sua-aplicacao.src.telas.ListaLeiloes">
      <metrics statements="10" coveredstatements="10" conditionals="0" coveredconditionals="0" methods="4" coveredmethods="4"/>
      <file name="index.js" path="/Users/luararangel/Documents/Profissional/Cursos/Alura/react-native-criando-testes-para-sua-aplicacao/src/telas/ListaLeiloes/index.js">
        <metrics statements="10" coveredstatements="10" conditionals="0" coveredconditionals="0" methods="4" coveredmethods="4"/>
        <line num="8" count="5" type="stmt"/>
        <line num="9" count="5" type="stmt"/>
        <line num="11" count="4" type="stmt"/>
        <line num="12" count="1" type="stmt"/>
        <line num="13" count="1" type="stmt"/>
        <line num="14" count="1" type="stmt"/>
        <line num="17" count="4" type="stmt"/>
        <line num="21" count="8" type="stmt"/>
        <line num="22" count="8" type="stmt"/>
        <line num="30" count="1" type="stmt"/>
      </file>
    </package>
    <package name="react-native-criando-testes-para-sua-aplicacao.src.telas.ListaLeiloes.componentes">
      <metrics statements="4" coveredstatements="4" conditionals="0" coveredconditionals="0" methods="2" coveredmethods="2"/>
      <file name="Leilao.js" path="/Users/luararangel/Documents/Profissional/Cursos/Alura/react-native-criando-testes-para-sua-aplicacao/src/telas/ListaLeiloes/componentes/Leilao.js">
        <metrics statements="4" coveredstatements="4" conditionals="0" coveredconditionals="0" methods="2" coveredmethods="2"/>
        <line num="11" count="2" type="stmt"/>
        <line num="13" count="2" type="stmt"/>
        <line num="16" count="1" type="stmt"/>
        <line num="34" count="2" type="stmt"/>
      </file>
    </package>
  </project>
</coverage>
