TN:
SF:App.js
FN:7,App
FNF:1
FNH:1
FNDA:1,App
DA:8,1
DA:21,1
LF:2
LH:2
BRDA:13,0,0,1
BRDA:13,0,1,0
BRDA:14,1,0,1
BRDA:14,1,1,0
BRF:4
BRH:2
end_of_record
TN:
SF:src/componentes/Cartao.js
FN:5,Cartao
FNF:1
FNH:1
FNDA:3,Cartao
DA:6,3
DA:11,7
LF:2
LH:2
BRDA:5,0,0,1
BRF:1
BRH:1
end_of_record
TN:
SF:src/componentes/Icone.js
FN:6,Icone
FN:14,(anonymous_1)
FNF:2
FNH:2
FNDA:3,Icone
FNDA:3,(anonymous_1)
DA:7,3
DA:9,3
DA:14,7
LF:3
LH:3
BRDA:10,0,0,3
BRDA:10,0,1,0
BRDA:16,1,0,3
BRDA:16,1,1,0
BRF:4
BRH:2
end_of_record
TN:
SF:src/hooks/useLeilao.js
FN:8,useLeilao
FN:11,(anonymous_1)
FN:17,(anonymous_2)
FN:43,(anonymous_3)
FNF:4
FNH:4
FNDA:16,useLeilao
FNDA:9,(anonymous_1)
FNDA:5,(anonymous_2)
FNDA:7,(anonymous_3)
DA:9,16
DA:11,16
DA:12,9
DA:13,9
DA:14,9
DA:17,16
DA:18,5
DA:19,5
DA:20,1
DA:23,4
DA:24,4
DA:25,4
DA:26,2
DA:29,2
DA:34,2
DA:35,2
DA:36,1
DA:37,1
DA:40,1
DA:43,16
DA:44,7
DA:47,16
LF:22
LH:22
BRDA:19,0,0,1
BRDA:19,0,1,4
BRDA:25,1,0,2
BRDA:25,1,1,2
BRDA:35,2,0,1
BRDA:35,2,1,1
BRF:6
BRH:6
end_of_record
TN:
SF:src/hooks/useListaLeiloes.js
FN:4,useListaLeiloes
FN:7,(anonymous_1)
FN:12,(anonymous_2)
FNF:3
FNH:3
FNDA:3,useListaLeiloes
FNDA:2,(anonymous_1)
FNDA:1,(anonymous_2)
DA:5,3
DA:7,3
DA:8,2
DA:9,2
DA:12,3
DA:13,1
DA:16,3
LF:7
LH:7
BRF:0
BRH:0
end_of_record
TN:
SF:src/negocio/constantes/estadosLance.js
FNF:0
FNH:0
DA:1,6
DA:2,6
DA:3,6
DA:4,6
DA:5,6
DA:6,6
LF:6
LH:6
BRF:0
BRH:0
end_of_record
TN:
SF:src/negocio/formatadores/lance.js
FN:1,formataMaiorLanceDoLeilao
FN:3,(anonymous_1)
FNF:2
FNH:2
FNDA:2,formataMaiorLanceDoLeilao
FNDA:6,(anonymous_1)
DA:2,2
DA:3,6
DA:6,2
LF:3
LH:3
BRDA:3,0,0,4
BRDA:3,0,1,2
BRF:2
BRH:2
end_of_record
TN:
SF:src/negocio/formatadores/moeda.js
FN:1,formataDecimalParaReal
FN:8,formataBrasileiroParaDecimal
FNF:2
FNH:2
FNDA:3,formataDecimalParaReal
FNDA:5,formataBrasileiroParaDecimal
DA:2,3
DA:9,5
DA:10,5
LF:3
LH:3
BRF:0
BRH:0
end_of_record
TN:
SF:src/negocio/validadores/lance.js
FN:8,validaFormatoNumericoDoLance
FN:16,validaLance
FN:31,validaLanceMaiorOuIgualAoInicial
FN:39,validaLanceMaiorQueLances
FN:40,(anonymous_4)
FNF:5
FNH:5
FNDA:7,validaFormatoNumericoDoLance
FNDA:7,validaLance
FNDA:7,validaLanceMaiorOuIgualAoInicial
FNDA:7,validaLanceMaiorQueLances
FNDA:10,(anonymous_4)
DA:9,7
DA:10,5
DA:13,2
DA:17,7
DA:18,7
DA:20,7
DA:21,2
DA:24,5
DA:25,2
DA:28,3
DA:32,7
DA:33,5
DA:36,2
DA:40,10
DA:41,7
DA:42,3
DA:45,4
LF:17
LH:17
BRDA:9,0,0,5
BRDA:9,0,1,2
BRDA:20,1,0,2
BRDA:20,1,1,5
BRDA:24,2,0,2
BRDA:24,2,1,3
BRDA:32,3,0,5
BRDA:32,3,1,2
BRDA:41,4,0,3
BRDA:41,4,1,4
BRF:10
BRH:10
end_of_record
TN:
SF:src/repositorio/lance.js
FN:3,obtemLancesDoLeilao
FN:12,adicionaLance
FNF:2
FNH:2
FNDA:2,obtemLancesDoLeilao
FNDA:2,adicionaLance
DA:4,2
DA:5,2
DA:6,1
DA:8,1
DA:13,2
DA:14,2
DA:15,1
DA:17,1
LF:8
LH:8
BRF:0
BRH:0
end_of_record
TN:
SF:src/repositorio/leilao.js
FN:3,obtemLeiloes
FN:12,obtemLeilao
FNF:2
FNH:2
FNDA:2,obtemLeiloes
FNDA:2,obtemLeilao
DA:4,2
DA:5,2
DA:6,1
DA:8,1
DA:13,2
DA:14,2
DA:15,1
DA:17,1
LF:8
LH:8
BRF:0
BRH:0
end_of_record
TN:
SF:src/rotas/AppRotas.js
FN:10,AppRotas
FNF:1
FNH:1
FNDA:1,AppRotas
DA:8,2
DA:11,1
LF:2
LH:2
BRF:0
BRH:0
end_of_record
TN:
SF:src/servicos/apiLeiloes.js
FNF:0
FNH:0
DA:4,8
LF:1
LH:1
BRF:0
BRH:0
end_of_record
TN:
SF:src/telas/Leilao/index.js
FN:10,Leilao
FN:17,(anonymous_1)
FN:24,(anonymous_2)
FN:39,(anonymous_3)
FN:40,(anonymous_4)
FN:41,(anonymous_5)
FNF:6
FNH:6
FNDA:8,Leilao
FNDA:1,(anonymous_1)
FNDA:2,(anonymous_2)
FNDA:21,(anonymous_3)
FNDA:21,(anonymous_4)
FNDA:7,(anonymous_5)
DA:11,8
DA:12,8
DA:14,8
DA:15,8
DA:17,8
DA:18,1
DA:19,1
DA:21,1
DA:24,8
DA:25,2
DA:26,2
DA:27,2
DA:30,8
DA:31,1
DA:34,7
DA:39,21
DA:40,21
DA:41,7
DA:51,3
LF:19
LH:19
BRDA:19,0,0,1
BRDA:19,0,1,0
BRDA:30,1,0,1
BRDA:30,1,1,7
BRF:4
BRH:3
end_of_record
TN:
SF:src/telas/Leilao/componentes/EnviaLance.js
FN:14,EnviaLance
FN:22,(anonymous_1)
FN:65,(anonymous_2)
FNF:3
FNH:3
FNDA:11,EnviaLance
FNDA:2,(anonymous_1)
FNDA:11,(anonymous_2)
DA:15,11
DA:16,11
DA:17,11
DA:18,11
DA:20,11
DA:22,11
DA:23,2
DA:24,2
DA:25,2
DA:27,2
DA:29,2
DA:30,1
DA:31,1
DA:33,1
DA:36,2
DA:40,11
DA:65,4
DA:66,11
LF:18
LH:18
BRDA:29,0,0,1
BRDA:29,0,1,1
BRDA:42,1,0,11
BRDA:42,1,1,2
BRDA:43,2,0,11
BRDA:43,2,1,2
BRDA:98,3,0,2
BRDA:98,3,1,9
BRDA:99,4,0,2
BRDA:99,4,1,9
BRF:10
BRH:10
end_of_record
TN:
SF:src/telas/Leilao/componentes/Lance.js
FN:9,Lance
FNF:1
FNH:1
FNDA:1,Lance
DA:10,1
DA:20,4
LF:2
LH:2
BRF:0
BRH:0
end_of_record
TN:
SF:src/telas/Leilao/componentes/Topo.js
FN:9,Topo
FNF:1
FNH:1
FNDA:1,Topo
DA:17,1
DA:19,1
DA:45,4
LF:3
LH:3
BRF:0
BRH:0
end_of_record
TN:
SF:src/telas/ListaLeiloes/index.js
FN:7,ListaLeiloes
FN:11,(anonymous_1)
FN:21,(anonymous_2)
FN:22,(anonymous_3)
FNF:4
FNH:4
FNDA:4,ListaLeiloes
FNDA:1,(anonymous_1)
FNDA:8,(anonymous_2)
FNDA:8,(anonymous_3)
DA:8,4
DA:9,4
DA:11,4
DA:12,1
DA:13,1
DA:14,1
DA:17,4
DA:21,8
DA:22,8
DA:30,3
LF:10
LH:10
BRF:0
BRH:0
end_of_record
TN:
SF:src/telas/ListaLeiloes/componentes/Leilao.js
FN:10,Leilao
FN:16,(anonymous_1)
FNF:2
FNH:2
FNDA:2,Leilao
FNDA:1,(anonymous_1)
DA:11,2
DA:13,2
DA:16,1
DA:34,4
LF:4
LH:4
BRF:0
BRH:0
end_of_record
